<?xml version="1.0" encoding="UTF-8"?>
<testsuites name="Test1" time="115" tests="2" failures="0" errors="0">
   <testsuite name="Test1" tests="2" failures="0" errors="0" time="115" timestamp="2020-01-20 17:24:13" hostname="slk - WSLKCMP4FT2-25.SLKSOFT.COM" id="Test Suites/Day1/Test1">
      <properties>
         <property name="deviceName" value=""/>
         <property name="devicePlatform" value=""/>
         <property name="logFolder" value="C:\\Users\\slk\\Katalon Studio\\trainingpro_1\\Reports\\Day1\\Test1\\20200120_172406"/>
         <property name="logFiles" value="C:\\Users\\slk\\Katalon Studio\\trainingpro_1\\Reports\\Day1\\Test1\\20200120_172406\\execution0.log"/>
         <property name="attachments" value=""/>
         <property name="hostName" value="slk - WSLKCMP4FT2-25.SLKSOFT.COM"/>
         <property name="os" value="Windows 8.1 64bit"/>
         <property name="katalonVersion" value="6.1.4.1"/>
         <property name="browser" value="Chrome 79.0.3945.130"/>
         <property name="hostAddress" value="10.60.24.103"/>
         <property name="sessionId" value="1b5356faa977212f36cd41989104e10f"/>
         <property name="seleniumVersion" value="3.7.1"/>
         <property name="proxyInformation" value="ProxyInformation{proxyOption=NO_PROXY, proxyServerType=HTTP, password=, proxyServerAddress=, proxyServerPort=0}"/>
         <property name="platform" value="Windows 8.1"/>
      </properties>
      <testcase name="Test Cases/Day1/Test2" classname="Test Cases/Day1/Test2" status="PASSED">
         <system-out><![CDATA[2020-01-20 17:24:14 - [TEST_CASE][PASSED] - Test Cases/Day1/Test2: Test Cases/Day1/Test2

2020-01-20 17:24:15 - [TEST_STEP][PASSED] - openBrowser(""): Browser is opened with url: ''

2020-01-20 17:24:15 - [MESSAGE][INFO] - Starting 'Chrome' driver

2020-01-20 17:24:15 - [MESSAGE][INFO] - Action delay is set to 1 seconds

2020-01-20 17:24:23 - [MESSAGE][PASSED] - Browser is opened with url: ''

2020-01-20 17:24:23 - [TEST_STEP][PASSED] - navigateToUrl("https://katalon-demo-cura.herokuapp.com/"): Navigate to 'https://katalon-demo-cura.herokuapp.com/' successfully

2020-01-20 17:24:28 - [MESSAGE][PASSED] - Navigate to 'https://katalon-demo-cura.herokuapp.com/' successfully

2020-01-20 17:24:28 - [TEST_STEP][PASSED] - click(findTestObject("Page_CURA Healthcare Service/a_Make Appointment")): Object: 'Object Repository/Page_CURA Healthcare Service/a_Make Appointment' is clicked on

2020-01-20 17:24:31 - [MESSAGE][PASSED] - Object: 'Object Repository/Page_CURA Healthcare Service/a_Make Appointment' is clicked on

2020-01-20 17:24:31 - [TEST_STEP][PASSED] - setText(findTestObject("Page_CURA Healthcare Service/input_Username_username"), "John Doe"): Text 'John Doe' is set on object 'Object Repository/Page_CURA Healthcare Service/input_Username_username'

2020-01-20 17:24:34 - [MESSAGE][PASSED] - Text 'John Doe' is set on object 'Object Repository/Page_CURA Healthcare Service/input_Username_username'

2020-01-20 17:24:34 - [TEST_STEP][PASSED] - setEncryptedText(findTestObject("Page_CURA Healthcare Service/input_Password_password"), "g3/DOGG74jC3Flrr3yH+3D/yKbOqqUNM"): Text ****** has been set on object 'Object Repository/Page_CURA Healthcare Service/input_Password_password'

2020-01-20 17:24:38 - [MESSAGE][PASSED] - Text ****** has been set on object 'Object Repository/Page_CURA Healthcare Service/input_Password_password'

2020-01-20 17:24:38 - [TEST_STEP][PASSED] - click(findTestObject("Page_CURA Healthcare Service/button_Login")): Object: 'Object Repository/Page_CURA Healthcare Service/button_Login' is clicked on

2020-01-20 17:24:41 - [MESSAGE][PASSED] - Object: 'Object Repository/Page_CURA Healthcare Service/button_Login' is clicked on

2020-01-20 17:24:41 - [TEST_STEP][PASSED] - selectOptionByValue(findTestObject("Page_CURA Healthcare Service/select_Tokyo CURA Healthcare Center                            Hongkong CURA Healthcare Center                            Seoul CURA Healthcare Center"), "Hongkong CURA Healthcare Center", true): All options with value 'Hongkong CURA Healthcare Center' are selected in object 'Object Repository/Page_CURA Healthcare Service/select_Tokyo CURA Healthcare Center                            Hongkong CURA Healthcare Center                            Seoul CURA Healthcare Center'  using regular expression

2020-01-20 17:24:56 - [MESSAGE][PASSED] - All options with value 'Hongkong CURA Healthcare Center' are selected in object 'Object Repository/Page_CURA Healthcare Service/select_Tokyo CURA Healthcare Center                            Hongkong CURA Healthcare Center                            Seoul CURA Healthcare Center'  using regular expression

2020-01-20 17:24:56 - [TEST_STEP][PASSED] - click(findTestObject("Page_CURA Healthcare Service/input_Apply for hospital readmission_hospital_readmission")): Object: 'Object Repository/Page_CURA Healthcare Service/input_Apply for hospital readmission_hospital_readmission' is clicked on

2020-01-20 17:25:03 - [MESSAGE][PASSED] - Object: 'Object Repository/Page_CURA Healthcare Service/input_Apply for hospital readmission_hospital_readmission' is clicked on

2020-01-20 17:25:03 - [TEST_STEP][PASSED] - click(findTestObject("Page_CURA Healthcare Service/input_Medicaid_programs")): Object: 'Object Repository/Page_CURA Healthcare Service/input_Medicaid_programs' is clicked on

2020-01-20 17:25:10 - [MESSAGE][PASSED] - Object: 'Object Repository/Page_CURA Healthcare Service/input_Medicaid_programs' is clicked on

2020-01-20 17:25:10 - [TEST_STEP][PASSED] - click(findTestObject("Page_CURA Healthcare Service/div_Visit Date (Required)_input-group-addon")): Object: 'Object Repository/Page_CURA Healthcare Service/div_Visit Date (Required)_input-group-addon' is clicked on

2020-01-20 17:25:17 - [MESSAGE][PASSED] - Object: 'Object Repository/Page_CURA Healthcare Service/div_Visit Date (Required)_input-group-addon' is clicked on

2020-01-20 17:25:17 - [TEST_STEP][PASSED] - click(findTestObject("Page_CURA Healthcare Service/td_20")): Object: 'Object Repository/Page_CURA Healthcare Service/td_20' is clicked on

2020-01-20 17:25:24 - [MESSAGE][PASSED] - Object: 'Object Repository/Page_CURA Healthcare Service/td_20' is clicked on

2020-01-20 17:25:24 - [TEST_STEP][PASSED] - setText(findTestObject("Page_CURA Healthcare Service/textarea_Comment_comment"), "sample test2"): Text 'sample test2' is set on object 'Object Repository/Page_CURA Healthcare Service/textarea_Comment_comment'

2020-01-20 17:25:27 - [MESSAGE][PASSED] - Text 'sample test2' is set on object 'Object Repository/Page_CURA Healthcare Service/textarea_Comment_comment'

2020-01-20 17:25:27 - [TEST_STEP][PASSED] - click(findTestObject("Page_CURA Healthcare Service/button_Book Appointment")): Object: 'Object Repository/Page_CURA Healthcare Service/button_Book Appointment' is clicked on

2020-01-20 17:25:35 - [MESSAGE][PASSED] - Object: 'Object Repository/Page_CURA Healthcare Service/button_Book Appointment' is clicked on

2020-01-20 17:25:35 - [TEST_STEP][PASSED] - verifyElementPresent(findTestObject("Page_CURA Healthcare Service/h2_Appointment Confirmation"), 0): Object 'Object Repository/Page_CURA Healthcare Service/h2_Appointment Confirmation' is present

2020-01-20 17:25:35 - [MESSAGE][WARNING] - Timeout '0' is invalid. Using default page load timeout: '30'

2020-01-20 17:25:37 - [MESSAGE][PASSED] - Object 'Object Repository/Page_CURA Healthcare Service/h2_Appointment Confirmation' is present

2020-01-20 17:25:37 - [TEST_STEP][PASSED] - closeBrowser(): Browser is closed

2020-01-20 17:25:38 - [MESSAGE][PASSED] - Browser is closed]]></system-out>
         <system-err><![CDATA[]]></system-err>
      </testcase>
      <testcase name="Test Cases/Day1/Test3" classname="Test Cases/Day1/Test3" status="PASSED">
         <system-out><![CDATA[2020-01-20 17:25:38 - [TEST_CASE][PASSED] - Test Cases/Day1/Test3: Test Cases/Day1/Test3

2020-01-20 17:25:39 - [TEST_STEP][PASSED] - openBrowser(""): Browser is opened with url: ''

2020-01-20 17:25:39 - [MESSAGE][INFO] - Starting 'Chrome' driver

2020-01-20 17:25:45 - [MESSAGE][PASSED] - Browser is opened with url: ''

2020-01-20 17:25:45 - [TEST_STEP][PASSED] - navigateToUrl("https://opensource-demo.orangehrmlive.com/"): Navigate to 'https://opensource-demo.orangehrmlive.com/' successfully

2020-01-20 17:25:49 - [MESSAGE][PASSED] - Navigate to 'https://opensource-demo.orangehrmlive.com/' successfully

2020-01-20 17:25:49 - [TEST_STEP][PASSED] - setText(findTestObject("Orange_HRM/Page_OrangeHRM/input_LOGIN Panel_txtUsername"), "Admin"): Text 'Admin' is set on object 'Object Repository/Orange_HRM/Page_OrangeHRM/input_LOGIN Panel_txtUsername'

2020-01-20 17:25:53 - [MESSAGE][PASSED] - Text 'Admin' is set on object 'Object Repository/Orange_HRM/Page_OrangeHRM/input_LOGIN Panel_txtUsername'

2020-01-20 17:25:53 - [TEST_STEP][PASSED] - setText(findTestObject("Orange_HRM/Page_OrangeHRM/input_Username_txtPassword"), "admin123"): Text 'admin123' is set on object 'Object Repository/Orange_HRM/Page_OrangeHRM/input_Username_txtPassword'

2020-01-20 17:25:56 - [MESSAGE][PASSED] - Text 'admin123' is set on object 'Object Repository/Orange_HRM/Page_OrangeHRM/input_Username_txtPassword'

2020-01-20 17:25:56 - [TEST_STEP][PASSED] - click(findTestObject("Orange_HRM/Page_OrangeHRM/input_Password_Submit")): Object: 'Object Repository/Orange_HRM/Page_OrangeHRM/input_Password_Submit' is clicked on

2020-01-20 17:26:07 - [MESSAGE][PASSED] - Object: 'Object Repository/Orange_HRM/Page_OrangeHRM/input_Password_Submit' is clicked on

2020-01-20 17:26:07 - [TEST_STEP][PASSED] - closeBrowser(): Browser is closed

2020-01-20 17:26:09 - [MESSAGE][PASSED] - Browser is closed]]></system-out>
         <system-err><![CDATA[]]></system-err>
      </testcase>
      <system-out><![CDATA[2020-01-20 17:24:13 - [TEST_SUITE][PASSED] - Test1: Test Cases/Day1/Test3]]></system-out>
      <system-err><![CDATA[]]></system-err>
   </testsuite>
</testsuites>
