<?xml version="1.0" encoding="UTF-8"?>
<testsuites name="TestSuite2" time="65" tests="2" failures="0" errors="0">
   <testsuite name="TestSuite2" tests="2" failures="0" errors="0" time="65" timestamp="2020-01-21 15:25:12" hostname="slk - WSLKCMP4FT2-25.SLKSOFT.COM" id="Test Suites/Day2/TestSuite2">
      <properties>
         <property name="deviceName" value=""/>
         <property name="devicePlatform" value=""/>
         <property name="logFolder" value="C:\\Users\\slk\\Katalon Studio\\trainingpro_1\\Reports\\Day2\\TestSuite2\\20200121_152509"/>
         <property name="logFiles" value="C:\\Users\\slk\\Katalon Studio\\trainingpro_1\\Reports\\Day2\\TestSuite2\\20200121_152509\\execution0.log"/>
         <property name="attachments" value=""/>
         <property name="hostName" value="slk - WSLKCMP4FT2-25.SLKSOFT.COM"/>
         <property name="os" value="Windows 8.1 64bit"/>
         <property name="katalonVersion" value="6.1.4.1"/>
         <property name="browser" value="Chrome 79.0.3945.130"/>
         <property name="hostAddress" value="10.60.24.103"/>
         <property name="sessionId" value="170b47cb08e9e579226f38523283047c"/>
         <property name="seleniumVersion" value="3.7.1"/>
         <property name="proxyInformation" value="ProxyInformation{proxyOption=NO_PROXY, proxyServerType=HTTP, password=, proxyServerAddress=, proxyServerPort=0}"/>
         <property name="platform" value="Windows 8.1"/>
      </properties>
      <testcase name="Test Cases/Day 2/datadriven" classname="Test Cases/Day 2/datadriven" status="PASSED">
         <system-out><![CDATA[2020-01-21 15:25:12 - [TEST_CASE][PASSED] - Test Cases/Day 2/datadriven: Test Cases/Day 2/datadriven

2020-01-21 15:25:14 - [TEST_STEP][PASSED] - openBrowser(""): Browser is opened with url: ''

2020-01-21 15:25:14 - [MESSAGE][INFO] - Starting 'Chrome' driver

2020-01-21 15:25:14 - [MESSAGE][INFO] - Action delay is set to 1 seconds

2020-01-21 15:25:24 - [MESSAGE][PASSED] - Browser is opened with url: ''

2020-01-21 15:25:24 - [TEST_STEP][PASSED] - navigateToUrl("https://opensource-demo.orangehrmlive.com/"): Navigate to 'https://opensource-demo.orangehrmlive.com/' successfully

2020-01-21 15:25:29 - [MESSAGE][PASSED] - Navigate to 'https://opensource-demo.orangehrmlive.com/' successfully

2020-01-21 15:25:29 - [TEST_STEP][PASSED] - click(findTestObject("Object Repository/Page_OrangeHRM/span_Username")): Object: 'Object Repository/Page_OrangeHRM/span_Username' is clicked on

2020-01-21 15:25:31 - [MESSAGE][PASSED] - Object: 'Object Repository/Page_OrangeHRM/span_Username' is clicked on

2020-01-21 15:25:31 - [TEST_STEP][PASSED] - setText(findTestObject("Object Repository/Page_OrangeHRM/input_LOGIN Panel_txtUsername"), username): Text 'Admin' is set on object 'Object Repository/Page_OrangeHRM/input_LOGIN Panel_txtUsername'

2020-01-21 15:25:34 - [MESSAGE][PASSED] - Text 'Admin' is set on object 'Object Repository/Page_OrangeHRM/input_LOGIN Panel_txtUsername'

2020-01-21 15:25:34 - [TEST_STEP][PASSED] - setEncryptedText(findTestObject("Object Repository/Page_OrangeHRM/input_Username_txtPassword"), password): Text ****** has been set on object 'Object Repository/Page_OrangeHRM/input_Username_txtPassword'

2020-01-21 15:25:38 - [MESSAGE][PASSED] - Text ****** has been set on object 'Object Repository/Page_OrangeHRM/input_Username_txtPassword'

2020-01-21 15:25:38 - [TEST_STEP][PASSED] - click(findTestObject("Object Repository/Page_OrangeHRM/input_Password_Submit")): Object: 'Object Repository/Page_OrangeHRM/input_Password_Submit' is clicked on

2020-01-21 15:25:46 - [MESSAGE][PASSED] - Object: 'Object Repository/Page_OrangeHRM/input_Password_Submit' is clicked on

2020-01-21 15:25:46 - [TEST_STEP][PASSED] - closeBrowser(): Browser is closed

2020-01-21 15:25:48 - [MESSAGE][PASSED] - Browser is closed]]></system-out>
         <system-err><![CDATA[]]></system-err>
      </testcase>
      <testcase name="Test Cases/Day 2/datadriven" classname="Test Cases/Day 2/datadriven" status="PASSED">
         <system-out><![CDATA[2020-01-21 15:25:50 - [TEST_CASE][PASSED] - Test Cases/Day 2/datadriven: Test Cases/Day 2/datadriven

2020-01-21 15:25:50 - [TEST_STEP][PASSED] - openBrowser(""): Browser is opened with url: ''

2020-01-21 15:25:50 - [MESSAGE][INFO] - Starting 'Chrome' driver

2020-01-21 15:25:56 - [MESSAGE][PASSED] - Browser is opened with url: ''

2020-01-21 15:25:56 - [TEST_STEP][PASSED] - navigateToUrl("https://opensource-demo.orangehrmlive.com/"): Navigate to 'https://opensource-demo.orangehrmlive.com/' successfully

2020-01-21 15:26:01 - [MESSAGE][PASSED] - Navigate to 'https://opensource-demo.orangehrmlive.com/' successfully

2020-01-21 15:26:01 - [TEST_STEP][PASSED] - click(findTestObject("Object Repository/Page_OrangeHRM/span_Username")): Object: 'Object Repository/Page_OrangeHRM/span_Username' is clicked on

2020-01-21 15:26:03 - [MESSAGE][PASSED] - Object: 'Object Repository/Page_OrangeHRM/span_Username' is clicked on

2020-01-21 15:26:03 - [TEST_STEP][PASSED] - setText(findTestObject("Object Repository/Page_OrangeHRM/input_LOGIN Panel_txtUsername"), username): Text 'Admin123' is set on object 'Object Repository/Page_OrangeHRM/input_LOGIN Panel_txtUsername'

2020-01-21 15:26:06 - [MESSAGE][PASSED] - Text 'Admin123' is set on object 'Object Repository/Page_OrangeHRM/input_LOGIN Panel_txtUsername'

2020-01-21 15:26:06 - [TEST_STEP][PASSED] - setEncryptedText(findTestObject("Object Repository/Page_OrangeHRM/input_Username_txtPassword"), password): Text ****** has been set on object 'Object Repository/Page_OrangeHRM/input_Username_txtPassword'

2020-01-21 15:26:09 - [MESSAGE][PASSED] - Text ****** has been set on object 'Object Repository/Page_OrangeHRM/input_Username_txtPassword'

2020-01-21 15:26:09 - [TEST_STEP][PASSED] - click(findTestObject("Object Repository/Page_OrangeHRM/input_Password_Submit")): Object: 'Object Repository/Page_OrangeHRM/input_Password_Submit' is clicked on

2020-01-21 15:26:13 - [MESSAGE][PASSED] - Object: 'Object Repository/Page_OrangeHRM/input_Password_Submit' is clicked on

2020-01-21 15:26:13 - [TEST_STEP][PASSED] - closeBrowser(): Browser is closed

2020-01-21 15:26:15 - [MESSAGE][PASSED] - Browser is closed]]></system-out>
         <system-err><![CDATA[]]></system-err>
      </testcase>
      <system-out><![CDATA[2020-01-21 15:25:12 - [TEST_SUITE][PASSED] - TestSuite2: Test Cases/Day 2/datadriven]]></system-out>
      <system-err><![CDATA[]]></system-err>
   </testsuite>
</testsuites>
